<?xml version="1.0" encoding="UTF-8" ?>
<testsuite failures="0" time="1.047" errors="1" skipped="0" tests="2" name="de.witi.wicket.TestWicketPages">
  <properties>
[...]
</properties>
  <testcase time="0.786" classname="de.witi.wicket.TestWicketPages" name="testStartPage"/>
  <testcase time="0.249" classname="de.witi.wicket.TestWicketPages" name="testUserPage">
    <error message="Error attaching this container for rendering: [MarkupContainer [Component id = list]]" type="org.apache.wicket.WicketRuntimeException">org.apache.wicket.WicketRuntimeException: Error attaching this container for rendering: [MarkupContainer [Component id = list]]
	at org.apache.wicket.MarkupContainer.onBeforeRenderChildren(MarkupContainer.java:1765)
	at org.apache.wicket.Component.onBeforeRender(Component.java:3940)
	at org.apache.wicket.Component.internalBeforeRender(Component.java:1065)
	at org.apache.wicket.Component.beforeRender(Component.java:1099)
	at org.apache.wicket.MarkupContainer.onBeforeRenderChildren(MarkupContainer.java:1753)
	at org.apache.wicket.Component.onBeforeRender(Component.java:3940)
	at org.apache.wicket.Page.onBeforeRender(Page.java:1550)
	at org.apache.wicket.Component.internalBeforeRender(Component.java:1065)
	at org.apache.wicket.Component.beforeRender(Component.java:1099)
	at org.apache.wicket.Component.prepareForRender(Component.java:2282)
	at org.apache.wicket.Page.prepareForRender(Page.java:1540)
	at org.apache.wicket.Component.prepareForRender(Component.java:2319)
	at org.apache.wicket.Page.renderPage(Page.java:911)
	at org.apache.wicket.request.target.component.BookmarkablePageRequestTarget.respond(BookmarkablePageRequestTarget.java:261)
	at org.apache.wicket.request.AbstractRequestCycleProcessor.respond(AbstractRequestCycleProcessor.java:105)
	at org.apache.wicket.RequestCycle.processEventsAndRespond(RequestCycle.java:1258)
	at org.apache.wicket.RequestCycle.step(RequestCycle.java:1329)
	at org.apache.wicket.RequestCycle.steps(RequestCycle.java:1436)
	at org.apache.wicket.RequestCycle.request(RequestCycle.java:594)
	at org.apache.wicket.protocol.http.MockWebApplication.processRequestCycle(MockWebApplication.java:501)
	at org.apache.wicket.protocol.http.MockWebApplication.processRequestCycle(MockWebApplication.java:413)
	at org.apache.wicket.util.tester.BaseWicketTester.startPage(BaseWicketTester.java:302)
	at de.witi.wicket.TestWicketPages.testUserPage(TestWicketPages.java:44)
	at sun.reflect.NativeMethodAccessorImpl.invoke0(Native Method)
	at sun.reflect.NativeMethodAccessorImpl.invoke(NativeMethodAccessorImpl.java:39)
	at sun.reflect.DelegatingMethodAccessorImpl.invoke(DelegatingMethodAccessorImpl.java:25)
	at java.lang.reflect.Method.invoke(Method.java:597)
	at org.junit.runners.model.FrameworkMethod$1.runReflectiveCall(FrameworkMethod.java:44)
	at org.junit.internal.runners.model.ReflectiveCallable.run(ReflectiveCallable.java:15)
	at org.junit.runners.model.FrameworkMethod.invokeExplosively(FrameworkMethod.java:41)
	at org.junit.internal.runners.statements.InvokeMethod.evaluate(InvokeMethod.java:20)
	at org.junit.internal.runners.statements.RunBefores.evaluate(RunBefores.java:28)
	at org.junit.runners.BlockJUnit4ClassRunner.runNotIgnored(BlockJUnit4ClassRunner.java:79)
	at org.junit.runners.BlockJUnit4ClassRunner.runChild(BlockJUnit4ClassRunner.java:71)
	at org.junit.runners.BlockJUnit4ClassRunner.runChild(BlockJUnit4ClassRunner.java:49)
	at org.junit.runners.ParentRunner$3.run(ParentRunner.java:193)
	at org.junit.runners.ParentRunner$1.schedule(ParentRunner.java:52)
	at org.junit.runners.ParentRunner.runChildren(ParentRunner.java:191)
	at org.junit.runners.ParentRunner.access$000(ParentRunner.java:42)
	at org.junit.runners.ParentRunner$2.evaluate(ParentRunner.java:184)
	at org.junit.runners.ParentRunner.run(ParentRunner.java:236)
	at org.apache.maven.surefire.junit4.JUnit4TestSet.execute(JUnit4TestSet.java:35)
	at org.apache.maven.surefire.junit4.JUnit4Provider.executeTestSet(JUnit4Provider.java:115)
	at org.apache.maven.surefire.junit4.JUnit4Provider.invoke(JUnit4Provider.java:97)
	at sun.reflect.NativeMethodAccessorImpl.invoke0(Native Method)
	at sun.reflect.NativeMethodAccessorImpl.invoke(NativeMethodAccessorImpl.java:39)
	at sun.reflect.DelegatingMethodAccessorImpl.invoke(DelegatingMethodAccessorImpl.java:25)
	at java.lang.reflect.Method.invoke(Method.java:597)
	at org.apache.maven.surefire.booter.ProviderFactory$ClassLoaderProxy.invoke(ProviderFactory.java:103)
	at $Proxy0.invoke(Unknown Source)
	at org.apache.maven.surefire.booter.SurefireStarter.invokeProvider(SurefireStarter.java:150)
	at org.apache.maven.surefire.booter.SurefireStarter.runSuitesInProcess(SurefireStarter.java:91)
	at org.apache.maven.surefire.booter.ForkedBooter.main(ForkedBooter.java:69)
Caused by: com.google.inject.ConfigurationException: Guice configuration errors:

1) No implementation for de.witi.data.dao.Dao was bound.
  while locating de.witi.data.dao.Dao

1 error
	at com.google.inject.internal.InjectorImpl.getProvider(InjectorImpl.java:994)
	at com.google.inject.internal.InjectorImpl.getInstance(InjectorImpl.java:999)
	at org.apache.wicket.guice.GuiceProxyTargetLocator.locateProxyTarget(GuiceProxyTargetLocator.java:137)
	at org.apache.wicket.proxy.LazyInitProxyFactory$JdkHandler.invoke(LazyInitProxyFactory.java:412)
	at org.apache.wicket.proxy.$Proxy11.findAll(Unknown Source)
	at de.witi.pages.UserPage$1.load(UserPage.java:45)
	at de.witi.pages.UserPage$1.load(UserPage.java:39)
	at org.apache.wicket.model.LoadableDetachableModel.getObject(LoadableDetachableModel.java:120)
	at org.apache.wicket.Component.getDefaultModelObject(Component.java:1714)
	at org.apache.wicket.markup.html.list.ListView.getViewSize(ListView.java:220)
	at org.apache.wicket.markup.html.list.ListView.onPopulate(ListView.java:511)
	at org.apache.wicket.markup.repeater.AbstractRepeater.onBeforeRender(AbstractRepeater.java:131)
	at org.apache.wicket.Component.internalBeforeRender(Component.java:1065)
	at org.apache.wicket.Component.beforeRender(Component.java:1099)
	at org.apache.wicket.MarkupContainer.onBeforeRenderChildren(MarkupContainer.java:1753)
	... 52 more
</error>
    <system-out>INFO  - Application                - [TestWicketPages$1] init: Wicket core library initializer
INFO  - RequestListenerInterface   - registered listener interface [RequestListenerInterface name=IBehaviorListener, method=public abstract void org.apache.wicket.behavior.IBehaviorListener.onRequest()]
INFO  - RequestListenerInterface   - registered listener interface [RequestListenerInterface name=IFormSubmitListener, method=public abstract void org.apache.wicket.markup.html.form.IFormSubmitListener.onFormSubmitted()]
INFO  - RequestListenerInterface   - registered listener interface [RequestListenerInterface name=ILinkListener, method=public abstract void org.apache.wicket.markup.html.link.ILinkListener.onLinkClicked()]
INFO  - RequestListenerInterface   - registered listener interface [RequestListenerInterface name=IOnChangeListener, method=public abstract void org.apache.wicket.markup.html.form.IOnChangeListener.onSelectionChanged()]
INFO  - RequestListenerInterface   - registered listener interface [RequestListenerInterface name=IRedirectListener, method=public abstract void org.apache.wicket.IRedirectListener.onRedirect()]
INFO  - RequestListenerInterface   - registered listener interface [RequestListenerInterface name=IResourceListener, method=public abstract void org.apache.wicket.IResourceListener.onResourceRequested()]
INFO  - RequestListenerInterface   - registered listener interface [RequestListenerInterface name=IActivePageBehaviorListener, method=public abstract void org.apache.wicket.behavior.IBehaviorListener.onRequest()]
INFO  - WebApplication             - [TestWicketPages$1] Started Wicket version 1.4.15 in development mode
ERROR - WebPage                    - ^^^^^^^^^^^^^^^^^^^^^^^^^^^^^^^^^^^^^^^^^^^^^^^^^^^^^^^^^^^^^^^^^^^^^^^^^^^^^^^^^^^^^^^^^
ERROR - WebPage                    - You probably forgot to add a &lt;body&gt; or &lt;header&gt; tag to your markup since no Header Container was 
found but components were found which want to write to the &lt;head&gt; section.
&lt;script type=&quot;text/javascript&quot; src=&quot;resources/org.apache.wicket.markup.html.WicketEventReference/wicket-event.js&quot;&gt;&lt;/script&gt;
&lt;script type=&quot;text/javascript&quot; src=&quot;resources/org.apache.wicket.ajax.WicketAjaxReference/wicket-ajax.js&quot;&gt;&lt;/script&gt;
&lt;script type=&quot;text/javascript&quot; src=&quot;resources/org.apache.wicket.ajax.AbstractDefaultAjaxBehavior/wicket-ajax-debug.js&quot;&gt;&lt;/script&gt;
&lt;script type=&quot;text/javascript&quot; id=&quot;wicket-ajax-debug-enable&quot;&gt;&lt;!--/*--&gt;&lt;![CDATA[/*&gt;&lt;!--*/
wicketAjaxDebugEnable=true;
/*--&gt;]]&gt;*/&lt;/script&gt;


ERROR - WebPage                    - ^^^^^^^^^^^^^^^^^^^^^^^^^^^^^^^^^^^^^^^^^^^^^^^^^^^^^^^^^^^^^^^^^^^^^^^^^^^^^^^^^^^^^^^^^
ERROR - RequestCycle               - Error attaching this container for rendering: [MarkupContainer [Component id = list]]
org.apache.wicket.WicketRuntimeException: Error attaching this container for rendering: [MarkupContainer [Component id = list]]
	at org.apache.wicket.MarkupContainer.onBeforeRenderChildren(MarkupContainer.java:1765)
	at org.apache.wicket.Component.onBeforeRender(Component.java:3940)
	at org.apache.wicket.Component.internalBeforeRender(Component.java:1065)
	at org.apache.wicket.Component.beforeRender(Component.java:1099)
	at org.apache.wicket.MarkupContainer.onBeforeRenderChildren(MarkupContainer.java:1753)
	at org.apache.wicket.Component.onBeforeRender(Component.java:3940)
	at org.apache.wicket.Page.onBeforeRender(Page.java:1550)
	at org.apache.wicket.Component.internalBeforeRender(Component.java:1065)
	at org.apache.wicket.Component.beforeRender(Component.java:1099)
	at org.apache.wicket.Component.prepareForRender(Component.java:2282)
	at org.apache.wicket.Page.prepareForRender(Page.java:1540)
	at org.apache.wicket.Component.prepareForRender(Component.java:2319)
	at org.apache.wicket.Page.renderPage(Page.java:911)
	at org.apache.wicket.request.target.component.BookmarkablePageRequestTarget.respond(BookmarkablePageRequestTarget.java:261)
	at org.apache.wicket.request.AbstractRequestCycleProcessor.respond(AbstractRequestCycleProcessor.java:105)
	at org.apache.wicket.RequestCycle.processEventsAndRespond(RequestCycle.java:1258)
	at org.apache.wicket.RequestCycle.step(RequestCycle.java:1329)
	at org.apache.wicket.RequestCycle.steps(RequestCycle.java:1436)
	at org.apache.wicket.RequestCycle.request(RequestCycle.java:594)
	at org.apache.wicket.protocol.http.MockWebApplication.processRequestCycle(MockWebApplication.java:501)
	at org.apache.wicket.protocol.http.MockWebApplication.processRequestCycle(MockWebApplication.java:413)
	at org.apache.wicket.util.tester.BaseWicketTester.startPage(BaseWicketTester.java:302)
	at de.witi.wicket.TestWicketPages.testUserPage(TestWicketPages.java:44)
	at sun.reflect.NativeMethodAccessorImpl.invoke0(Native Method)
	at sun.reflect.NativeMethodAccessorImpl.invoke(NativeMethodAccessorImpl.java:39)
	at sun.reflect.DelegatingMethodAccessorImpl.invoke(DelegatingMethodAccessorImpl.java:25)
	at java.lang.reflect.Method.invoke(Method.java:597)
	at org.junit.runners.model.FrameworkMethod$1.runReflectiveCall(FrameworkMethod.java:44)
	at org.junit.internal.runners.model.ReflectiveCallable.run(ReflectiveCallable.java:15)
	at org.junit.runners.model.FrameworkMethod.invokeExplosively(FrameworkMethod.java:41)
	at org.junit.internal.runners.statements.InvokeMethod.evaluate(InvokeMethod.java:20)
	at org.junit.internal.runners.statements.RunBefores.evaluate(RunBefores.java:28)
	at org.junit.runners.BlockJUnit4ClassRunner.runNotIgnored(BlockJUnit4ClassRunner.java:79)
	at org.junit.runners.BlockJUnit4ClassRunner.runChild(BlockJUnit4ClassRunner.java:71)
	at org.junit.runners.BlockJUnit4ClassRunner.runChild(BlockJUnit4ClassRunner.java:49)
	at org.junit.runners.ParentRunner$3.run(ParentRunner.java:193)
	at org.junit.runners.ParentRunner$1.schedule(ParentRunner.java:52)
	at org.junit.runners.ParentRunner.runChildren(ParentRunner.java:191)
	at org.junit.runners.ParentRunner.access$000(ParentRunner.java:42)
	at org.junit.runners.ParentRunner$2.evaluate(ParentRunner.java:184)
	at org.junit.runners.ParentRunner.run(ParentRunner.java:236)
	at org.apache.maven.surefire.junit4.JUnit4TestSet.execute(JUnit4TestSet.java:35)
	at org.apache.maven.surefire.junit4.JUnit4Provider.executeTestSet(JUnit4Provider.java:115)
	at org.apache.maven.surefire.junit4.JUnit4Provider.invoke(JUnit4Provider.java:97)
	at sun.reflect.NativeMethodAccessorImpl.invoke0(Native Method)
	at sun.reflect.NativeMethodAccessorImpl.invoke(NativeMethodAccessorImpl.java:39)
	at sun.reflect.DelegatingMethodAccessorImpl.invoke(DelegatingMethodAccessorImpl.java:25)
	at java.lang.reflect.Method.invoke(Method.java:597)
	at org.apache.maven.surefire.booter.ProviderFactory$ClassLoaderProxy.invoke(ProviderFactory.java:103)
	at $Proxy0.invoke(Unknown Source)
	at org.apache.maven.surefire.booter.SurefireStarter.invokeProvider(SurefireStarter.java:150)
	at org.apache.maven.surefire.booter.SurefireStarter.runSuitesInProcess(SurefireStarter.java:91)
	at org.apache.maven.surefire.booter.ForkedBooter.main(ForkedBooter.java:69)
Caused by: com.google.inject.ConfigurationException: Guice configuration errors:

1) No implementation for de.witi.data.dao.Dao was bound.
  while locating de.witi.data.dao.Dao

1 error
	at com.google.inject.internal.InjectorImpl.getProvider(InjectorImpl.java:994)
	at com.google.inject.internal.InjectorImpl.getInstance(InjectorImpl.java:999)
	at org.apache.wicket.guice.GuiceProxyTargetLocator.locateProxyTarget(GuiceProxyTargetLocator.java:137)
	at org.apache.wicket.proxy.LazyInitProxyFactory$JdkHandler.invoke(LazyInitProxyFactory.java:412)
	at org.apache.wicket.proxy.$Proxy11.findAll(Unknown Source)
	at de.witi.pages.UserPage$1.load(UserPage.java:45)
	at de.witi.pages.UserPage$1.load(UserPage.java:39)
	at org.apache.wicket.model.LoadableDetachableModel.getObject(LoadableDetachableModel.java:120)
	at org.apache.wicket.Component.getDefaultModelObject(Component.java:1714)
	at org.apache.wicket.markup.html.list.ListView.getViewSize(ListView.java:220)
	at org.apache.wicket.markup.html.list.ListView.onPopulate(ListView.java:511)
	at org.apache.wicket.markup.repeater.AbstractRepeater.onBeforeRender(AbstractRepeater.java:131)
	at org.apache.wicket.Component.internalBeforeRender(Component.java:1065)
	at org.apache.wicket.Component.beforeRender(Component.java:1099)
	at org.apache.wicket.MarkupContainer.onBeforeRenderChildren(MarkupContainer.java:1753)
	... 52 more
</system-out>
    <system-err>********************************************************************
*** WARNING: Wicket is running in DEVELOPMENT mode.              ***
***                               ^^^^^^^^^^^                    ***
*** Do NOT deploy to your live server(s) without changing this.  ***
*** See Application#getConfigurationType() for more information. ***
********************************************************************
</system-err>
  </testcase>
</testsuite>