<?xml version="1.0" encoding="UTF-8" ?>
<testsuite failures="0" time="1.004" errors="2" skipped="0" tests="2" name="de.witi.wicket.TestWicketPages">
  <properties>
[...]
</properties>
  <testcase time="0.949" classname="de.witi.wicket.TestWicketPages" name="testStartPage">
    <error message="Guice creation errors:

1) An exception was caught and reported. Message: 
Invalid use of argument matchers!
2 matchers expected, 1 recorded.
This exception may occur if matchers are combined with raw values:
    //incorrect:
    someMethod(anyObject(), &quot;raw String&quot;);
When using matchers, all arguments have to be provided by matchers.
For example:
    //correct:
    someMethod(anyObject(), eq(&quot;String by matcher&quot;));

For more info see javadoc for Matchers class.
  at com.google.inject.internal.InjectorShell$Builder.build(InjectorShell.java:132)

1 error" type="com.google.inject.CreationException">com.google.inject.CreationException: Guice creation errors:

1) An exception was caught and reported. Message: 
Invalid use of argument matchers!
2 matchers expected, 1 recorded.
This exception may occur if matchers are combined with raw values:
    //incorrect:
    someMethod(anyObject(), &quot;raw String&quot;);
When using matchers, all arguments have to be provided by matchers.
For example:
    //correct:
    someMethod(anyObject(), eq(&quot;String by matcher&quot;));

For more info see javadoc for Matchers class.
  at com.google.inject.internal.InjectorShell$Builder.build(InjectorShell.java:132)

1 error
	at com.google.inject.internal.Errors.throwCreationExceptionIfErrorsExist(Errors.java:416)
	at com.google.inject.internal.InternalInjectorCreator.initializeStatically(InternalInjectorCreator.java:154)
	at com.google.inject.internal.InternalInjectorCreator.build(InternalInjectorCreator.java:106)
	at com.google.inject.Guice.createInjector(Guice.java:95)
	at com.google.inject.Guice.createInjector(Guice.java:72)
	at com.google.inject.Guice.createInjector(Guice.java:62)
	at de.witi.wicket.TestWicketPages$1.getGuiceInjector(TestWicketPages.java:32)
	at de.witi.WicketApplication.init(WicketApplication.java:35)
	at org.apache.wicket.protocol.http.WicketFilter.init(WicketFilter.java:726)
	at org.apache.wicket.protocol.http.MockWebApplication.&lt;init&gt;(MockWebApplication.java:168)
	at org.apache.wicket.util.tester.BaseWicketTester.&lt;init&gt;(BaseWicketTester.java:218)
	at org.apache.wicket.util.tester.WicketTester.&lt;init&gt;(WicketTester.java:331)
	at org.apache.wicket.util.tester.WicketTester.&lt;init&gt;(WicketTester.java:314)
	at de.witi.wicket.TestWicketPages.setup(TestWicketPages.java:25)
	at sun.reflect.NativeMethodAccessorImpl.invoke0(Native Method)
	at sun.reflect.NativeMethodAccessorImpl.invoke(NativeMethodAccessorImpl.java:39)
	at sun.reflect.DelegatingMethodAccessorImpl.invoke(DelegatingMethodAccessorImpl.java:25)
	at java.lang.reflect.Method.invoke(Method.java:597)
	at org.junit.runners.model.FrameworkMethod$1.runReflectiveCall(FrameworkMethod.java:44)
	at org.junit.internal.runners.model.ReflectiveCallable.run(ReflectiveCallable.java:15)
	at org.junit.runners.model.FrameworkMethod.invokeExplosively(FrameworkMethod.java:41)
	at org.junit.internal.runners.statements.RunBefores.evaluate(RunBefores.java:27)
	at org.junit.runners.BlockJUnit4ClassRunner.runNotIgnored(BlockJUnit4ClassRunner.java:79)
	at org.junit.runners.BlockJUnit4ClassRunner.runChild(BlockJUnit4ClassRunner.java:71)
	at org.junit.runners.BlockJUnit4ClassRunner.runChild(BlockJUnit4ClassRunner.java:49)
	at org.junit.runners.ParentRunner$3.run(ParentRunner.java:193)
	at org.junit.runners.ParentRunner$1.schedule(ParentRunner.java:52)
	at org.junit.runners.ParentRunner.runChildren(ParentRunner.java:191)
	at org.junit.runners.ParentRunner.access$000(ParentRunner.java:42)
	at org.junit.runners.ParentRunner$2.evaluate(ParentRunner.java:184)
	at org.junit.runners.ParentRunner.run(ParentRunner.java:236)
	at org.apache.maven.surefire.junit4.JUnit4TestSet.execute(JUnit4TestSet.java:62)
	at org.apache.maven.surefire.suite.AbstractDirectoryTestSuite.executeTestSet(AbstractDirectoryTestSuite.java:140)
	at org.apache.maven.surefire.suite.AbstractDirectoryTestSuite.execute(AbstractDirectoryTestSuite.java:127)
	at org.apache.maven.surefire.Surefire.run(Surefire.java:177)
	at sun.reflect.NativeMethodAccessorImpl.invoke0(Native Method)
	at sun.reflect.NativeMethodAccessorImpl.invoke(NativeMethodAccessorImpl.java:39)
	at sun.reflect.DelegatingMethodAccessorImpl.invoke(DelegatingMethodAccessorImpl.java:25)
	at java.lang.reflect.Method.invoke(Method.java:597)
	at org.apache.maven.surefire.booter.SurefireBooter.runSuitesInProcess(SurefireBooter.java:345)
	at org.apache.maven.surefire.booter.SurefireBooter.main(SurefireBooter.java:1009)
Caused by: org.mockito.exceptions.misusing.InvalidUseOfMatchersException: 
Invalid use of argument matchers!
2 matchers expected, 1 recorded.
This exception may occur if matchers are combined with raw values:
    //incorrect:
    someMethod(anyObject(), &quot;raw String&quot;);
When using matchers, all arguments have to be provided by matchers.
For example:
    //correct:
    someMethod(anyObject(), eq(&quot;String by matcher&quot;));

For more info see javadoc for Matchers class.
	at de.witi.config.modules.MockDAOModule.configure(MockDAOModule.java:38)
	at com.google.inject.AbstractModule.configure(AbstractModule.java:59)
	at com.google.inject.spi.Elements$RecordingBinder.install(Elements.java:223)
	at com.google.inject.spi.Elements.getElements(Elements.java:101)
	at com.google.inject.internal.InjectorShell$Builder.build(InjectorShell.java:132)
	at com.google.inject.internal.InternalInjectorCreator.build(InternalInjectorCreator.java:103)
	... 38 more
</error>
    <system-err>10.08.2011 14:42:32 com.google.inject.internal.MessageProcessor visit
INFO: An exception was caught and reported. Message: org.mockito.exceptions.misusing.InvalidUseOfMatchersException: 
Invalid use of argument matchers!
2 matchers expected, 1 recorded.
This exception may occur if matchers are combined with raw values:
    //incorrect:
    someMethod(anyObject(), &quot;raw String&quot;);
When using matchers, all arguments have to be provided by matchers.
For example:
    //correct:
    someMethod(anyObject(), eq(&quot;String by matcher&quot;));

For more info see javadoc for Matchers class.
org.mockito.exceptions.misusing.InvalidUseOfMatchersException: 
Invalid use of argument matchers!
2 matchers expected, 1 recorded.
This exception may occur if matchers are combined with raw values:
    //incorrect:
    someMethod(anyObject(), &quot;raw String&quot;);
When using matchers, all arguments have to be provided by matchers.
For example:
    //correct:
    someMethod(anyObject(), eq(&quot;String by matcher&quot;));

For more info see javadoc for Matchers class.
	at de.witi.config.modules.MockDAOModule.configure(MockDAOModule.java:38)
	at com.google.inject.AbstractModule.configure(AbstractModule.java:59)
	at com.google.inject.spi.Elements$RecordingBinder.install(Elements.java:223)
	at com.google.inject.spi.Elements.getElements(Elements.java:101)
	at com.google.inject.internal.InjectorShell$Builder.build(InjectorShell.java:132)
	at com.google.inject.internal.InternalInjectorCreator.build(InternalInjectorCreator.java:103)
	at com.google.inject.Guice.createInjector(Guice.java:95)
	at com.google.inject.Guice.createInjector(Guice.java:72)
	at com.google.inject.Guice.createInjector(Guice.java:62)
	at de.witi.wicket.TestWicketPages$1.getGuiceInjector(TestWicketPages.java:32)
	at de.witi.WicketApplication.init(WicketApplication.java:35)
	at org.apache.wicket.protocol.http.WicketFilter.init(WicketFilter.java:726)
	at org.apache.wicket.protocol.http.MockWebApplication.&lt;init&gt;(MockWebApplication.java:168)
	at org.apache.wicket.util.tester.BaseWicketTester.&lt;init&gt;(BaseWicketTester.java:218)
	at org.apache.wicket.util.tester.WicketTester.&lt;init&gt;(WicketTester.java:331)
	at org.apache.wicket.util.tester.WicketTester.&lt;init&gt;(WicketTester.java:314)
	at de.witi.wicket.TestWicketPages.setup(TestWicketPages.java:25)
	at sun.reflect.NativeMethodAccessorImpl.invoke0(Native Method)
	at sun.reflect.NativeMethodAccessorImpl.invoke(NativeMethodAccessorImpl.java:39)
	at sun.reflect.DelegatingMethodAccessorImpl.invoke(DelegatingMethodAccessorImpl.java:25)
	at java.lang.reflect.Method.invoke(Method.java:597)
	at org.junit.runners.model.FrameworkMethod$1.runReflectiveCall(FrameworkMethod.java:44)
	at org.junit.internal.runners.model.ReflectiveCallable.run(ReflectiveCallable.java:15)
	at org.junit.runners.model.FrameworkMethod.invokeExplosively(FrameworkMethod.java:41)
	at org.junit.internal.runners.statements.RunBefores.evaluate(RunBefores.java:27)
	at org.junit.runners.BlockJUnit4ClassRunner.runNotIgnored(BlockJUnit4ClassRunner.java:79)
	at org.junit.runners.BlockJUnit4ClassRunner.runChild(BlockJUnit4ClassRunner.java:71)
	at org.junit.runners.BlockJUnit4ClassRunner.runChild(BlockJUnit4ClassRunner.java:49)
	at org.junit.runners.ParentRunner$3.run(ParentRunner.java:193)
	at org.junit.runners.ParentRunner$1.schedule(ParentRunner.java:52)
	at org.junit.runners.ParentRunner.runChildren(ParentRunner.java:191)
	at org.junit.runners.ParentRunner.access$000(ParentRunner.java:42)
	at org.junit.runners.ParentRunner$2.evaluate(ParentRunner.java:184)
	at org.junit.runners.ParentRunner.run(ParentRunner.java:236)
	at org.apache.maven.surefire.junit4.JUnit4TestSet.execute(JUnit4TestSet.java:62)
	at org.apache.maven.surefire.suite.AbstractDirectoryTestSuite.executeTestSet(AbstractDirectoryTestSuite.java:140)
	at org.apache.maven.surefire.suite.AbstractDirectoryTestSuite.execute(AbstractDirectoryTestSuite.java:127)
	at org.apache.maven.surefire.Surefire.run(Surefire.java:177)
	at sun.reflect.NativeMethodAccessorImpl.invoke0(Native Method)
	at sun.reflect.NativeMethodAccessorImpl.invoke(NativeMethodAccessorImpl.java:39)
	at sun.reflect.DelegatingMethodAccessorImpl.invoke(DelegatingMethodAccessorImpl.java:25)
	at java.lang.reflect.Method.invoke(Method.java:597)
	at org.apache.maven.surefire.booter.SurefireBooter.runSuitesInProcess(SurefireBooter.java:345)
	at org.apache.maven.surefire.booter.SurefireBooter.main(SurefireBooter.java:1009)
</system-err>
  </testcase>
  <testcase time="0.007" classname="de.witi.wicket.TestWicketPages" name="testUserPage">
    <error message="Guice creation errors:

1) An exception was caught and reported. Message: 
Invalid use of argument matchers!
2 matchers expected, 1 recorded.
This exception may occur if matchers are combined with raw values:
    //incorrect:
    someMethod(anyObject(), &quot;raw String&quot;);
When using matchers, all arguments have to be provided by matchers.
For example:
    //correct:
    someMethod(anyObject(), eq(&quot;String by matcher&quot;));

For more info see javadoc for Matchers class.
  at com.google.inject.internal.InjectorShell$Builder.build(InjectorShell.java:132)

1 error" type="com.google.inject.CreationException">com.google.inject.CreationException: Guice creation errors:

1) An exception was caught and reported. Message: 
Invalid use of argument matchers!
2 matchers expected, 1 recorded.
This exception may occur if matchers are combined with raw values:
    //incorrect:
    someMethod(anyObject(), &quot;raw String&quot;);
When using matchers, all arguments have to be provided by matchers.
For example:
    //correct:
    someMethod(anyObject(), eq(&quot;String by matcher&quot;));

For more info see javadoc for Matchers class.
  at com.google.inject.internal.InjectorShell$Builder.build(InjectorShell.java:132)

1 error
	at com.google.inject.internal.Errors.throwCreationExceptionIfErrorsExist(Errors.java:416)
	at com.google.inject.internal.InternalInjectorCreator.initializeStatically(InternalInjectorCreator.java:154)
	at com.google.inject.internal.InternalInjectorCreator.build(InternalInjectorCreator.java:106)
	at com.google.inject.Guice.createInjector(Guice.java:95)
	at com.google.inject.Guice.createInjector(Guice.java:72)
	at com.google.inject.Guice.createInjector(Guice.java:62)
	at de.witi.wicket.TestWicketPages$1.getGuiceInjector(TestWicketPages.java:32)
	at de.witi.WicketApplication.init(WicketApplication.java:35)
	at org.apache.wicket.protocol.http.WicketFilter.init(WicketFilter.java:726)
	at org.apache.wicket.protocol.http.MockWebApplication.&lt;init&gt;(MockWebApplication.java:168)
	at org.apache.wicket.util.tester.BaseWicketTester.&lt;init&gt;(BaseWicketTester.java:218)
	at org.apache.wicket.util.tester.WicketTester.&lt;init&gt;(WicketTester.java:331)
	at org.apache.wicket.util.tester.WicketTester.&lt;init&gt;(WicketTester.java:314)
	at de.witi.wicket.TestWicketPages.setup(TestWicketPages.java:25)
	at sun.reflect.NativeMethodAccessorImpl.invoke0(Native Method)
	at sun.reflect.NativeMethodAccessorImpl.invoke(NativeMethodAccessorImpl.java:39)
	at sun.reflect.DelegatingMethodAccessorImpl.invoke(DelegatingMethodAccessorImpl.java:25)
	at java.lang.reflect.Method.invoke(Method.java:597)
	at org.junit.runners.model.FrameworkMethod$1.runReflectiveCall(FrameworkMethod.java:44)
	at org.junit.internal.runners.model.ReflectiveCallable.run(ReflectiveCallable.java:15)
	at org.junit.runners.model.FrameworkMethod.invokeExplosively(FrameworkMethod.java:41)
	at org.junit.internal.runners.statements.RunBefores.evaluate(RunBefores.java:27)
	at org.junit.runners.BlockJUnit4ClassRunner.runNotIgnored(BlockJUnit4ClassRunner.java:79)
	at org.junit.runners.BlockJUnit4ClassRunner.runChild(BlockJUnit4ClassRunner.java:71)
	at org.junit.runners.BlockJUnit4ClassRunner.runChild(BlockJUnit4ClassRunner.java:49)
	at org.junit.runners.ParentRunner$3.run(ParentRunner.java:193)
	at org.junit.runners.ParentRunner$1.schedule(ParentRunner.java:52)
	at org.junit.runners.ParentRunner.runChildren(ParentRunner.java:191)
	at org.junit.runners.ParentRunner.access$000(ParentRunner.java:42)
	at org.junit.runners.ParentRunner$2.evaluate(ParentRunner.java:184)
	at org.junit.runners.ParentRunner.run(ParentRunner.java:236)
	at org.apache.maven.surefire.junit4.JUnit4TestSet.execute(JUnit4TestSet.java:62)
	at org.apache.maven.surefire.suite.AbstractDirectoryTestSuite.executeTestSet(AbstractDirectoryTestSuite.java:140)
	at org.apache.maven.surefire.suite.AbstractDirectoryTestSuite.execute(AbstractDirectoryTestSuite.java:127)
	at org.apache.maven.surefire.Surefire.run(Surefire.java:177)
	at sun.reflect.NativeMethodAccessorImpl.invoke0(Native Method)
	at sun.reflect.NativeMethodAccessorImpl.invoke(NativeMethodAccessorImpl.java:39)
	at sun.reflect.DelegatingMethodAccessorImpl.invoke(DelegatingMethodAccessorImpl.java:25)
	at java.lang.reflect.Method.invoke(Method.java:597)
	at org.apache.maven.surefire.booter.SurefireBooter.runSuitesInProcess(SurefireBooter.java:345)
	at org.apache.maven.surefire.booter.SurefireBooter.main(SurefireBooter.java:1009)
Caused by: org.mockito.exceptions.misusing.InvalidUseOfMatchersException: 
Invalid use of argument matchers!
2 matchers expected, 1 recorded.
This exception may occur if matchers are combined with raw values:
    //incorrect:
    someMethod(anyObject(), &quot;raw String&quot;);
When using matchers, all arguments have to be provided by matchers.
For example:
    //correct:
    someMethod(anyObject(), eq(&quot;String by matcher&quot;));

For more info see javadoc for Matchers class.
	at de.witi.config.modules.MockDAOModule.configure(MockDAOModule.java:38)
	at com.google.inject.AbstractModule.configure(AbstractModule.java:59)
	at com.google.inject.spi.Elements$RecordingBinder.install(Elements.java:223)
	at com.google.inject.spi.Elements.getElements(Elements.java:101)
	at com.google.inject.internal.InjectorShell$Builder.build(InjectorShell.java:132)
	at com.google.inject.internal.InternalInjectorCreator.build(InternalInjectorCreator.java:103)
	... 38 more
</error>
  </testcase>
</testsuite>